src/components/GlobalErrorBoundary.tsx(40,21): error TS2339: Property 'props' does not exist on type 'GlobalErrorBoundary'.
src/lib/calendar-api.ts(89,17): error TS2769: No overload matches this call.
  Overload 1 of 2, '(values: { all_day?: boolean; attendees?: string[]; category_label?: string; color?: string; created_at?: string; description_points?: string[]; end_time: string; event_type: string; id?: string; location?: string; ... 4 more ...; user_id: string; }, options?: { ...; }): PostgrestFilterBuilder<...>', gave the following error.
    Argument of type '{ all_day?: boolean; attendees?: string[]; category_label?: string; color?: string; created_at?: string; description_points?: string[]; end_time: string; event_type: string; id?: string; location?: string; ... 4 more ...; user_id: string; } | { ...; }' is not assignable to parameter of type '{ all_day?: boolean; attendees?: string[]; category_label?: string; color?: string; created_at?: string; description_points?: string[]; end_time: string; event_type: string; id?: string; location?: string; ... 4 more ...; user_id: string; }'.
      Type '{ all_day?: boolean; attendees?: string[]; category_label?: string; color?: string; created_at?: string; description_points?: string[]; end_time?: string; event_type?: string; id?: string; location?: string; ... 4 more ...; user_id?: string; }' is not assignable to type '{ all_day?: boolean; attendees?: string[]; category_label?: string; color?: string; created_at?: string; description_points?: string[]; end_time: string; event_type: string; id?: string; location?: string; ... 4 more ...; user_id: string; }'.
        Property 'end_time' is optional in type '{ all_day?: boolean; attendees?: string[]; category_label?: string; color?: string; created_at?: string; description_points?: string[]; end_time?: string; event_type?: string; id?: string; location?: string; ... 4 more ...; user_id?: string; }' but required in type '{ all_day?: boolean; attendees?: string[]; category_label?: string; color?: string; created_at?: string; description_points?: string[]; end_time: string; event_type: string; id?: string; location?: string; ... 4 more ...; user_id: string; }'.
  Overload 2 of 2, '(values: { all_day?: boolean; attendees?: string[]; category_label?: string; color?: string; created_at?: string; description_points?: string[]; end_time: string; event_type: string; id?: string; location?: string; ... 4 more ...; user_id: string; }[], options?: { ...; }): PostgrestFilterBuilder<...>', gave the following error.
    Argument of type '{ all_day?: boolean; attendees?: string[]; category_label?: string; color?: string; created_at?: string; description_points?: string[]; end_time: string; event_type: string; id?: string; location?: string; ... 4 more ...; user_id: string; } | { ...; }' is not assignable to parameter of type '{ all_day?: boolean; attendees?: string[]; category_label?: string; color?: string; created_at?: string; description_points?: string[]; end_time: string; event_type: string; id?: string; location?: string; ... 4 more ...; user_id: string; }[]'.
      Type '{ all_day?: boolean; attendees?: string[]; category_label?: string; color?: string; created_at?: string; description_points?: string[]; end_time: string; event_type: string; id?: string; location?: string; ... 4 more ...; user_id: string; }' is missing the following properties from type '{ all_day?: boolean; attendees?: string[]; category_label?: string; color?: string; created_at?: string; description_points?: string[]; end_time: string; event_type: string; id?: string; location?: string; ... 4 more ...; user_id: string; }[]': length, pop, push, concat, and 29 more.
src/lib/calendar-api.ts(284,21): error TS2769: No overload matches this call.
  Overload 1 of 2, '(values: { all_day?: boolean; attendees?: string[]; category_label?: string; color?: string; created_at?: string; description_points?: string[]; end_time: string; event_type: string; id?: string; location?: string; ... 4 more ...; user_id: string; }, options?: { ...; }): PostgrestFilterBuilder<...>', gave the following error.
    Argument of type '({ all_day?: boolean; attendees?: string[]; category_label?: string; color?: string; created_at?: string; description_points?: string[]; end_time: string; event_type: string; id?: string; location?: string; ... 4 more ...; user_id: string; } | { ...; })[]' is not assignable to parameter of type '{ all_day?: boolean; attendees?: string[]; category_label?: string; color?: string; created_at?: string; description_points?: string[]; end_time: string; event_type: string; id?: string; location?: string; ... 4 more ...; user_id: string; }'.
      Type '({ all_day?: boolean; attendees?: string[]; category_label?: string; color?: string; created_at?: string; description_points?: string[]; end_time: string; event_type: string; id?: string; location?: string; ... 4 more ...; user_id: string; } | { ...; })[]' is missing the following properties from type '{ all_day?: boolean; attendees?: string[]; category_label?: string; color?: string; created_at?: string; description_points?: string[]; end_time: string; event_type: string; id?: string; location?: string; ... 4 more ...; user_id: string; }': end_time, event_type, start_time, title, user_id
  Overload 2 of 2, '(values: { all_day?: boolean; attendees?: string[]; category_label?: string; color?: string; created_at?: string; description_points?: string[]; end_time: string; event_type: string; id?: string; location?: string; ... 4 more ...; user_id: string; }[], options?: { ...; }): PostgrestFilterBuilder<...>', gave the following error.
    Argument of type '({ all_day?: boolean; attendees?: string[]; category_label?: string; color?: string; created_at?: string; description_points?: string[]; end_time: string; event_type: string; id?: string; location?: string; ... 4 more ...; user_id: string; } | { ...; })[]' is not assignable to parameter of type '{ all_day?: boolean; attendees?: string[]; category_label?: string; color?: string; created_at?: string; description_points?: string[]; end_time: string; event_type: string; id?: string; location?: string; ... 4 more ...; user_id: string; }[]'.
      Type '{ all_day?: boolean; attendees?: string[]; category_label?: string; color?: string; created_at?: string; description_points?: string[]; end_time: string; event_type: string; id?: string; location?: string; ... 4 more ...; user_id: string; } | { ...; }' is not assignable to type '{ all_day?: boolean; attendees?: string[]; category_label?: string; color?: string; created_at?: string; description_points?: string[]; end_time: string; event_type: string; id?: string; location?: string; ... 4 more ...; user_id: string; }'.
        Type '{ all_day?: boolean; attendees?: string[]; category_label?: string; color?: string; created_at?: string; description_points?: string[]; end_time?: string; event_type?: string; id?: string; location?: string; ... 4 more ...; user_id?: string; }' is not assignable to type '{ all_day?: boolean; attendees?: string[]; category_label?: string; color?: string; created_at?: string; description_points?: string[]; end_time: string; event_type: string; id?: string; location?: string; ... 4 more ...; user_id: string; }'.
          Property 'end_time' is optional in type '{ all_day?: boolean; attendees?: string[]; category_label?: string; color?: string; created_at?: string; description_points?: string[]; end_time?: string; event_type?: string; id?: string; location?: string; ... 4 more ...; user_id?: string; }' but required in type '{ all_day?: boolean; attendees?: string[]; category_label?: string; color?: string; created_at?: string; description_points?: string[]; end_time: string; event_type: string; id?: string; location?: string; ... 4 more ...; user_id: string; }'.
